=== All SLURM environment variables ===
SLURM_CLUSTER_NAME=cluster_admin1
SLURM_CONF=/opt/gridview/slurm/etc/slurm.conf
SLURM_CPUS_ON_NODE=4
SLURM_CPUS_PER_TASK=4
SLURMD_NODENAME=node17
SLURM_GTIDS=0
SLURM_HOME=/opt/gridview/slurm
SLURM_JOB_ACCOUNT=jwli
SLURM_JOB_CPUS_PER_NODE=4
SLURM_JOB_GID=2058
SLURM_JOB_ID=1137546
SLURM_JOBID=1137546
SLURM_JOB_NAME=test_env
SLURM_JOB_NODELIST=node17
SLURM_JOB_NUM_NODES=1
SLURM_JOB_PARTITION=cpu_96G
SLURM_JOB_QOS=user_jwli
SLURM_JOB_UID=2058
SLURM_JOB_USER=jwli
SLURM_LOCALID=0
SLURM_MEM_PER_CPU=2990
SLURM_NNODES=1
SLURM_NODE_ALIASES=(null)
SLURM_NODEID=0
SLURM_NODELIST=node17
SLURM_PRIO_PROCESS=0
SLURM_PROCID=0
SLURM_SUBMIT_DIR=/public/home/jwli/workSpace/yongkang26/26Feb-labs/slurm-admin
SLURM_SUBMIT_HOST=login1
SLURM_TASK_PID=4639
SLURM_TASKS_PER_NODE=1
SLURM_TOPOLOGY_ADDR=node17
SLURM_TOPOLOGY_ADDR_PATTERN=node
SLURM_WORKING_CLUSTER=cluster_admin1:10.11.100.1:6817:9216:101

=== Specific variables we're looking for ===
SLURM_JOB_ID: 1137546
SLURM_JOB_NAME: test_env
SLURM_JOB_NODELIST: node17
SLURM_CPUS_PER_TASK: 4
SLURM_JOB_GRES: 
SLURM_MEM_PER_NODE: 
SLURM_JOB_PARTITION: cpu_96G
